<?xml version="1.0" encoding="UTF-8"?>
<robot generator="Robot 4.1.2 (Python 3.10.0 on win32)" generated="20220204 18:22:50.894" rpa="false" schemaversion="2">
<suite id="s1" name="Emag" source="c:\Users\JING019\OneDrive - Bertelsmann SE &amp; Co. KGaA\Documents\Automation mentoring\Task 2 - emag.ro\demo_proj_robot\test_suites\emag.robot">
<test id="s1-t1" name="Buy Item from Emag">
<kw name="Open Browser" library="SeleniumLibrary">
<arg>url=${url}</arg>
<arg>browser=${browser}</arg>
<doc>Opens a new browser instance to the optional ``url``.</doc>
<msg timestamp="20220204 18:22:51.318" level="INFO">Opening browser 'chrome' to base url 'https://www.emag.ro'.</msg>
<status status="PASS" starttime="20220204 18:22:51.317" endtime="20220204 18:22:55.606"/>
</kw>
<kw name="Maximize Browser Window" library="SeleniumLibrary">
<doc>Maximizes current browser window.</doc>
<status status="PASS" starttime="20220204 18:22:55.607" endtime="20220204 18:22:55.827"/>
</kw>
<kw name="Navigate to GamingTab" library="EmagMainPage">
<kw name="Click Element" library="SeleniumLibrary">
<arg>${GamingTab}</arg>
<doc>Click the element identified by ``locator``.</doc>
<msg timestamp="20220204 18:22:55.829" level="INFO">Clicking element '//span[text()='Gaming, Carti &amp; Birotica']'.</msg>
<status status="PASS" starttime="20220204 18:22:55.828" endtime="20220204 18:22:57.661"/>
</kw>
<status status="PASS" starttime="20220204 18:22:55.827" endtime="20220204 18:22:57.661"/>
</kw>
<kw name="Navigate to PlaystationTab" library="EmagMainPage">
<kw name="Wait Until Element Is Visible" library="SeleniumLibrary">
<arg>${GamingTabTitle}</arg>
<doc>Waits until the element ``locator`` is visible.</doc>
<status status="PASS" starttime="20220204 18:22:57.662" endtime="20220204 18:22:57.693"/>
</kw>
<kw name="Click Element" library="SeleniumLibrary">
<arg>${PlaystationTab}</arg>
<doc>Click the element identified by ``locator``.</doc>
<msg timestamp="20220204 18:22:57.693" level="INFO">Clicking element '//a[contains(.,'Playstation')]'.</msg>
<status status="PASS" starttime="20220204 18:22:57.693" endtime="20220204 18:22:58.664"/>
</kw>
<status status="PASS" starttime="20220204 18:22:57.662" endtime="20220204 18:22:58.664"/>
</kw>
<kw name="Navigate to ConsolePlaystationTab" library="EmagMainPage">
<kw name="Wait Until Element Is Visible" library="SeleniumLibrary">
<arg>${PlaystationTabTitle}</arg>
<doc>Waits until the element ``locator`` is visible.</doc>
<status status="PASS" starttime="20220204 18:22:58.665" endtime="20220204 18:22:58.723"/>
</kw>
<kw name="Click Element" library="SeleniumLibrary">
<arg>${ConsolePlaystationTab}</arg>
<doc>Click the element identified by ``locator``.</doc>
<msg timestamp="20220204 18:22:58.724" level="INFO">Clicking element '//a[contains(.,'Console Playstation')]'.</msg>
<status status="PASS" starttime="20220204 18:22:58.724" endtime="20220204 18:22:59.575"/>
</kw>
<status status="PASS" starttime="20220204 18:22:58.665" endtime="20220204 18:22:59.575"/>
</kw>
<kw name="Sort the products" library="EmagProductPage">
<kw name="Wait Until Element Is Visible" library="SeleniumLibrary">
<arg>${ConsoleHardwareSonyTitle}</arg>
<doc>Waits until the element ``locator`` is visible.</doc>
<status status="PASS" starttime="20220204 18:22:59.576" endtime="20220204 18:22:59.600"/>
</kw>
<kw name="Click Element" library="SeleniumLibrary">
<arg>${SortOption}</arg>
<doc>Click the element identified by ``locator``.</doc>
<msg timestamp="20220204 18:22:59.601" level="INFO">Clicking element '//span[text()='Cele mai populare']'.</msg>
<status status="PASS" starttime="20220204 18:22:59.600" endtime="20220204 18:22:59.692"/>
</kw>
<kw name="Wait Until Element Is Visible" library="SeleniumLibrary">
<arg>${Newest}</arg>
<doc>Waits until the element ``locator`` is visible.</doc>
<status status="PASS" starttime="20220204 18:22:59.693" endtime="20220204 18:22:59.723"/>
</kw>
<kw name="Click Element" library="SeleniumLibrary">
<arg>${Newest}</arg>
<doc>Click the element identified by ``locator``.</doc>
<msg timestamp="20220204 18:22:59.723" level="INFO">Clicking element '//a[contains(.,'Cele mai noi')]'.</msg>
<status status="PASS" starttime="20220204 18:22:59.723" endtime="20220204 18:22:59.781"/>
</kw>
<kw name="Wait Until Element Is Not Visible" library="SeleniumLibrary">
<arg>${SortOption}</arg>
<doc>Waits until the element ``locator`` is not visible.</doc>
<status status="PASS" starttime="20220204 18:22:59.782" endtime="20220204 18:23:00.208"/>
</kw>
<status status="PASS" starttime="20220204 18:22:59.576" endtime="20220204 18:23:00.208"/>
</kw>
<kw name="Add to Cart first available product" library="EmagProductPage">
<kw name="Click Element" library="SeleniumLibrary">
<arg>${PS5plusGames}</arg>
<doc>Click the element identified by ``locator``.</doc>
<msg timestamp="20220204 18:23:00.210" level="INFO">Clicking element '//*[@class="btn btn-sm btn-primary btn-emag btn-block yeahIWantThisProduct"]'.</msg>
<status status="PASS" starttime="20220204 18:23:00.209" endtime="20220204 18:23:00.330"/>
</kw>
<status status="PASS" starttime="20220204 18:23:00.209" endtime="20220204 18:23:00.330"/>
</kw>
<kw name="Go to Cart" library="EmagProductPage">
<kw name="Wait Until Element Is Visible" library="SeleniumLibrary">
<arg>${ProductAdded}</arg>
<doc>Waits until the element ``locator`` is visible.</doc>
<status status="PASS" starttime="20220204 18:23:00.332" endtime="20220204 18:23:00.855"/>
</kw>
<kw name="Click Element" library="SeleniumLibrary">
<arg>${CartTab}</arg>
<doc>Click the element identified by ``locator``.</doc>
<msg timestamp="20220204 18:23:00.856" level="INFO">Clicking element '//a[contains(.,'Vezi detalii cos')]'.</msg>
<status status="PASS" starttime="20220204 18:23:00.856" endtime="20220204 18:23:02.022"/>
</kw>
<status status="PASS" starttime="20220204 18:23:00.331" endtime="20220204 18:23:02.022"/>
</kw>
<kw name="Verify Cart" library="EmagProductPage">
<kw name="Wait Until Element Is Visible" library="SeleniumLibrary">
<arg>${CartTabTitle}</arg>
<doc>Waits until the element ``locator`` is visible.</doc>
<status status="PASS" starttime="20220204 18:23:02.024" endtime="20220204 18:23:02.074"/>
</kw>
<kw name="Element Should Be Visible" library="SeleniumLibrary">
<arg>${PS}</arg>
<doc>Verifies that the element identified by ``locator`` is visible.</doc>
<kw name="Capture Page Screenshot" library="SeleniumLibrary">
<doc>Takes a screenshot of the current page and embeds it into a log file.</doc>
<msg timestamp="20220204 18:23:02.372" level="INFO" html="true">&lt;/td&gt;&lt;/tr&gt;&lt;tr&gt;&lt;td colspan="3"&gt;&lt;a href="selenium-screenshot-59.png"&gt;&lt;img src="selenium-screenshot-59.png" width="800px"&gt;&lt;/a&gt;</msg>
<status status="PASS" starttime="20220204 18:23:02.087" endtime="20220204 18:23:02.372"/>
</kw>
<msg timestamp="20220204 18:23:02.429" level="FAIL">Element with locator '//a[contains(.,'Consola PlayStation 5 (B-Chasis) + Joc PS5 Ratchet &amp; Clank: Rift Apart + Joc Marvel’s Spider Man: Miles Morales PS5 + Joc Demon`s Soul Remake! PS5')]' not found.</msg>
<status status="FAIL" starttime="20220204 18:23:02.074" endtime="20220204 18:23:02.429"/>
</kw>
<status status="FAIL" starttime="20220204 18:23:02.023" endtime="20220204 18:23:02.430"/>
</kw>
<kw name="Close Browser" library="SeleniumLibrary">
<doc>Closes the current browser.</doc>
<status status="NOT RUN" starttime="20220204 18:23:02.431" endtime="20220204 18:23:02.432"/>
</kw>
<status status="FAIL" starttime="20220204 18:22:51.316" endtime="20220204 18:23:02.432">Element with locator '//a[contains(.,'Consola PlayStation 5 (B-Chasis) + Joc PS5 Ratchet &amp; Clank: Rift Apart + Joc Marvel’s Spider Man: Miles Morales PS5 + Joc Demon`s Soul Remake! PS5')]' not found.</status>
</test>
<status status="FAIL" starttime="20220204 18:22:50.897" endtime="20220204 18:23:02.435"/>
</suite>
<statistics>
<total>
<stat pass="0" fail="1" skip="0">All Tests</stat>
</total>
<tag>
</tag>
<suite>
<stat pass="0" fail="1" skip="0" id="s1" name="Emag">Emag</stat>
</suite>
</statistics>
<errors>
</errors>
</robot>
